[1.101s] Invoking command in '/home/edward-grieg/repos/BGRacing_2026/src/points_py': DEBUGINFOD_URLS=https://debuginfod.ubuntu.com PYTHONPATH=/home/edward-grieg/repos/BGRacing_2026/build/points_py/prefix_override:/usr/lib/python3/dist-packages/colcon_core/task/python/colcon_distutils_commands:/home/edward-grieg/repos/BGRacing_2026/install/points_py/lib/python3.12/site-packages:${PYTHONPATH} /usr/bin/python3 -W ignore:setup.py install is deprecated -W ignore:easy_install command is deprecated setup.py egg_info --egg-base ../../build/points_py build --build-base /home/edward-grieg/repos/BGRacing_2026/build/points_py/build install --record /home/edward-grieg/repos/BGRacing_2026/build/points_py/install.log --single-version-externally-managed install_data
[1.461s] running egg_info
[1.488s] writing ../../build/points_py/points_py.egg-info/PKG-INFO
[1.491s] writing dependency_links to ../../build/points_py/points_py.egg-info/dependency_links.txt
[1.491s] writing entry points to ../../build/points_py/points_py.egg-info/entry_points.txt
[1.492s] writing requirements to ../../build/points_py/points_py.egg-info/requires.txt
[1.492s] writing top-level names to ../../build/points_py/points_py.egg-info/top_level.txt
[1.546s] reading manifest file '../../build/points_py/points_py.egg-info/SOURCES.txt'
[1.547s] writing manifest file '../../build/points_py/points_py.egg-info/SOURCES.txt'
[1.547s] running build
[1.548s] running build_py
[1.548s] copying points_py/publisher_s.py -> /home/edward-grieg/repos/BGRacing_2026/build/points_py/build/lib/points_py
[1.548s] running install
[1.556s] running install_lib
[1.584s] copying /home/edward-grieg/repos/BGRacing_2026/build/points_py/build/lib/points_py/publisher_s.py -> /home/edward-grieg/repos/BGRacing_2026/install/points_py/lib/python3.12/site-packages/points_py
[1.584s] byte-compiling /home/edward-grieg/repos/BGRacing_2026/install/points_py/lib/python3.12/site-packages/points_py/publisher_s.py to publisher_s.cpython-312.pyc
[1.585s] running install_data
[1.586s] running install_egg_info
[1.615s] removing '/home/edward-grieg/repos/BGRacing_2026/install/points_py/lib/python3.12/site-packages/points_py-0.0.0-py3.12.egg-info' (and everything under it)
[1.617s] Copying ../../build/points_py/points_py.egg-info to /home/edward-grieg/repos/BGRacing_2026/install/points_py/lib/python3.12/site-packages/points_py-0.0.0-py3.12.egg-info
[1.617s] running install_scripts
[1.820s] Installing publisher_s script to /home/edward-grieg/repos/BGRacing_2026/install/points_py/lib/points_py
[1.821s] Installing subscriber_s script to /home/edward-grieg/repos/BGRacing_2026/install/points_py/lib/points_py
[1.822s] writing list of installed files to '/home/edward-grieg/repos/BGRacing_2026/build/points_py/install.log'
[1.869s] Invoked command in '/home/edward-grieg/repos/BGRacing_2026/src/points_py' returned '0': DEBUGINFOD_URLS=https://debuginfod.ubuntu.com PYTHONPATH=/home/edward-grieg/repos/BGRacing_2026/build/points_py/prefix_override:/usr/lib/python3/dist-packages/colcon_core/task/python/colcon_distutils_commands:/home/edward-grieg/repos/BGRacing_2026/install/points_py/lib/python3.12/site-packages:${PYTHONPATH} /usr/bin/python3 -W ignore:setup.py install is deprecated -W ignore:easy_install command is deprecated setup.py egg_info --egg-base ../../build/points_py build --build-base /home/edward-grieg/repos/BGRacing_2026/build/points_py/build install --record /home/edward-grieg/repos/BGRacing_2026/build/points_py/install.log --single-version-externally-managed install_data
