[0.135s] DEBUG:colcon:Command line arguments: ['/usr/bin/colcon', 'build']
[0.136s] DEBUG:colcon:Parsed command line arguments: Namespace(log_base=None, log_level=None, verb_name='build', build_base='build', install_base='install', merge_install=False, symlink_install=False, test_result_base=None, continue_on_error=False, executor='parallel', parallel_workers=2, event_handlers=None, ignore_user_meta=False, metas=['./colcon.meta'], base_paths=['.'], packages_ignore=None, packages_ignore_regex=None, paths=None, packages_up_to=None, packages_up_to_regex=None, packages_above=None, packages_above_and_dependencies=None, packages_above_depth=None, packages_select_by_dep=None, packages_skip_by_dep=None, packages_skip_up_to=None, packages_select_build_failed=False, packages_skip_build_finished=False, packages_select_test_failures=False, packages_skip_test_passed=False, packages_select=None, packages_skip=None, packages_select_regex=None, packages_skip_regex=None, packages_start=None, packages_end=None, allow_overriding=[], cmake_args=None, cmake_target=None, cmake_target_skip_unavailable=False, cmake_clean_cache=False, cmake_clean_first=False, cmake_force_configure=False, ament_cmake_args=None, catkin_cmake_args=None, catkin_skip_building_tests=False, mixin_files=None, mixin=None, verb_parser=<colcon_mixin.mixin.mixin_argument.MixinArgumentDecorator object at 0x7971fd084dd0>, verb_extension=<colcon_core.verb.build.BuildVerb object at 0x7971fe1fe4b0>, main=<bound method BuildVerb.main of <colcon_core.verb.build.BuildVerb object at 0x7971fe1fe4b0>>, mixin_verb=('build',))
[0.188s] Level 1:colcon.colcon_core.package_discovery:discover_packages(colcon_meta) check parameters
[0.188s] Level 1:colcon.colcon_core.package_discovery:discover_packages(recursive) check parameters
[0.188s] Level 1:colcon.colcon_core.package_discovery:discover_packages(ignore) check parameters
[0.188s] Level 1:colcon.colcon_core.package_discovery:discover_packages(path) check parameters
[0.188s] Level 1:colcon.colcon_core.package_discovery:discover_packages(colcon_meta) discover
[0.188s] Level 1:colcon.colcon_core.package_discovery:discover_packages(recursive) discover
[0.188s] INFO:colcon.colcon_core.package_discovery:Crawling recursively for packages in '/home/edward-grieg/repos/BGRacing_2026'
[0.188s] Level 1:colcon.colcon_core.package_identification:_identify(.) by extensions ['ignore', 'ignore_ament_install']
[0.188s] Level 1:colcon.colcon_core.package_identification:_identify(.) by extension 'ignore'
[0.188s] Level 1:colcon.colcon_core.package_identification:_identify(.) by extension 'ignore_ament_install'
[0.188s] Level 1:colcon.colcon_core.package_identification:_identify(.) by extensions ['colcon_pkg']
[0.188s] Level 1:colcon.colcon_core.package_identification:_identify(.) by extension 'colcon_pkg'
[0.188s] Level 1:colcon.colcon_core.package_identification:_identify(.) by extensions ['colcon_meta']
[0.189s] Level 1:colcon.colcon_core.package_identification:_identify(.) by extension 'colcon_meta'
[0.189s] Level 1:colcon.colcon_core.package_identification:_identify(.) by extensions ['ros']
[0.189s] Level 1:colcon.colcon_core.package_identification:_identify(.) by extension 'ros'
[0.218s] Level 1:colcon.colcon_core.package_identification:_identify(.) by extensions ['cmake', 'python']
[0.218s] Level 1:colcon.colcon_core.package_identification:_identify(.) by extension 'cmake'
[0.218s] Level 1:colcon.colcon_core.package_identification:_identify(.) by extension 'python'
[0.218s] Level 1:colcon.colcon_core.package_identification:_identify(.) by extensions ['python_setup_py']
[0.218s] Level 1:colcon.colcon_core.package_identification:_identify(.) by extension 'python_setup_py'
[0.218s] Level 1:colcon.colcon_core.package_identification:_identify(build) by extensions ['ignore', 'ignore_ament_install']
[0.219s] Level 1:colcon.colcon_core.package_identification:_identify(build) by extension 'ignore'
[0.219s] Level 1:colcon.colcon_core.package_identification:_identify(build) ignored
[0.219s] Level 1:colcon.colcon_core.package_identification:_identify(install) by extensions ['ignore', 'ignore_ament_install']
[0.219s] Level 1:colcon.colcon_core.package_identification:_identify(install) by extension 'ignore'
[0.219s] Level 1:colcon.colcon_core.package_identification:_identify(install) ignored
[0.219s] Level 1:colcon.colcon_core.package_identification:_identify(log) by extensions ['ignore', 'ignore_ament_install']
[0.219s] Level 1:colcon.colcon_core.package_identification:_identify(log) by extension 'ignore'
[0.219s] Level 1:colcon.colcon_core.package_identification:_identify(log) ignored
[0.219s] Level 1:colcon.colcon_core.package_identification:_identify(src) by extensions ['ignore', 'ignore_ament_install']
[0.219s] Level 1:colcon.colcon_core.package_identification:_identify(src) by extension 'ignore'
[0.219s] Level 1:colcon.colcon_core.package_identification:_identify(src) by extension 'ignore_ament_install'
[0.220s] Level 1:colcon.colcon_core.package_identification:_identify(src) by extensions ['colcon_pkg']
[0.220s] Level 1:colcon.colcon_core.package_identification:_identify(src) by extension 'colcon_pkg'
[0.220s] Level 1:colcon.colcon_core.package_identification:_identify(src) by extensions ['colcon_meta']
[0.220s] Level 1:colcon.colcon_core.package_identification:_identify(src) by extension 'colcon_meta'
[0.220s] Level 1:colcon.colcon_core.package_identification:_identify(src) by extensions ['ros']
[0.220s] Level 1:colcon.colcon_core.package_identification:_identify(src) by extension 'ros'
[0.220s] Level 1:colcon.colcon_core.package_identification:_identify(src) by extensions ['cmake', 'python']
[0.220s] Level 1:colcon.colcon_core.package_identification:_identify(src) by extension 'cmake'
[0.220s] Level 1:colcon.colcon_core.package_identification:_identify(src) by extension 'python'
[0.220s] Level 1:colcon.colcon_core.package_identification:_identify(src) by extensions ['python_setup_py']
[0.220s] Level 1:colcon.colcon_core.package_identification:_identify(src) by extension 'python_setup_py'
[0.220s] Level 1:colcon.colcon_core.package_identification:_identify(src/basic_publisher) by extensions ['ignore', 'ignore_ament_install']
[0.220s] Level 1:colcon.colcon_core.package_identification:_identify(src/basic_publisher) by extension 'ignore'
[0.220s] Level 1:colcon.colcon_core.package_identification:_identify(src/basic_publisher) by extension 'ignore_ament_install'
[0.220s] Level 1:colcon.colcon_core.package_identification:_identify(src/basic_publisher) by extensions ['colcon_pkg']
[0.220s] Level 1:colcon.colcon_core.package_identification:_identify(src/basic_publisher) by extension 'colcon_pkg'
[0.220s] Level 1:colcon.colcon_core.package_identification:_identify(src/basic_publisher) by extensions ['colcon_meta']
[0.220s] Level 1:colcon.colcon_core.package_identification:_identify(src/basic_publisher) by extension 'colcon_meta'
[0.221s] Level 1:colcon.colcon_core.package_identification:_identify(src/basic_publisher) by extensions ['ros']
[0.221s] Level 1:colcon.colcon_core.package_identification:_identify(src/basic_publisher) by extension 'ros'
[0.221s] Level 1:colcon.colcon_core.package_identification:_identify(src/basic_publisher) by extensions ['cmake', 'python']
[0.221s] Level 1:colcon.colcon_core.package_identification:_identify(src/basic_publisher) by extension 'cmake'
[0.221s] Level 1:colcon.colcon_core.package_identification:_identify(src/basic_publisher) by extension 'python'
[0.221s] Level 1:colcon.colcon_core.package_identification:_identify(src/basic_publisher) by extensions ['python_setup_py']
[0.221s] Level 1:colcon.colcon_core.package_identification:_identify(src/basic_publisher) by extension 'python_setup_py'
[0.221s] Level 1:colcon.colcon_core.package_identification:_identify(src/basic_publisher/build) by extensions ['ignore', 'ignore_ament_install']
[0.221s] Level 1:colcon.colcon_core.package_identification:_identify(src/basic_publisher/build) by extension 'ignore'
[0.221s] Level 1:colcon.colcon_core.package_identification:_identify(src/basic_publisher/build) ignored
[0.221s] Level 1:colcon.colcon_core.package_identification:_identify(src/basic_publisher/install) by extensions ['ignore', 'ignore_ament_install']
[0.221s] Level 1:colcon.colcon_core.package_identification:_identify(src/basic_publisher/install) by extension 'ignore'
[0.221s] Level 1:colcon.colcon_core.package_identification:_identify(src/basic_publisher/install) ignored
[0.221s] Level 1:colcon.colcon_core.package_identification:_identify(src/basic_publisher/log) by extensions ['ignore', 'ignore_ament_install']
[0.222s] Level 1:colcon.colcon_core.package_identification:_identify(src/basic_publisher/log) by extension 'ignore'
[0.222s] Level 1:colcon.colcon_core.package_identification:_identify(src/basic_publisher/log) ignored
[0.222s] Level 1:colcon.colcon_core.package_identification:_identify(src/basic_publisher/src) by extensions ['ignore', 'ignore_ament_install']
[0.222s] Level 1:colcon.colcon_core.package_identification:_identify(src/basic_publisher/src) by extension 'ignore'
[0.222s] Level 1:colcon.colcon_core.package_identification:_identify(src/basic_publisher/src) by extension 'ignore_ament_install'
[0.222s] Level 1:colcon.colcon_core.package_identification:_identify(src/basic_publisher/src) by extensions ['colcon_pkg']
[0.222s] Level 1:colcon.colcon_core.package_identification:_identify(src/basic_publisher/src) by extension 'colcon_pkg'
[0.222s] Level 1:colcon.colcon_core.package_identification:_identify(src/basic_publisher/src) by extensions ['colcon_meta']
[0.222s] Level 1:colcon.colcon_core.package_identification:_identify(src/basic_publisher/src) by extension 'colcon_meta'
[0.222s] Level 1:colcon.colcon_core.package_identification:_identify(src/basic_publisher/src) by extensions ['ros']
[0.222s] Level 1:colcon.colcon_core.package_identification:_identify(src/basic_publisher/src) by extension 'ros'
[0.222s] Level 1:colcon.colcon_core.package_identification:_identify(src/basic_publisher/src) by extensions ['cmake', 'python']
[0.222s] Level 1:colcon.colcon_core.package_identification:_identify(src/basic_publisher/src) by extension 'cmake'
[0.222s] Level 1:colcon.colcon_core.package_identification:_identify(src/basic_publisher/src) by extension 'python'
[0.222s] Level 1:colcon.colcon_core.package_identification:_identify(src/basic_publisher/src) by extensions ['python_setup_py']
[0.222s] Level 1:colcon.colcon_core.package_identification:_identify(src/basic_publisher/src) by extension 'python_setup_py'
[0.223s] Level 1:colcon.colcon_core.package_identification:_identify(src/basic_publisher/src/basic_publisher) by extensions ['ignore', 'ignore_ament_install']
[0.223s] Level 1:colcon.colcon_core.package_identification:_identify(src/basic_publisher/src/basic_publisher) by extension 'ignore'
[0.223s] Level 1:colcon.colcon_core.package_identification:_identify(src/basic_publisher/src/basic_publisher) by extension 'ignore_ament_install'
[0.223s] Level 1:colcon.colcon_core.package_identification:_identify(src/basic_publisher/src/basic_publisher) by extensions ['colcon_pkg']
[0.223s] Level 1:colcon.colcon_core.package_identification:_identify(src/basic_publisher/src/basic_publisher) by extension 'colcon_pkg'
[0.223s] Level 1:colcon.colcon_core.package_identification:_identify(src/basic_publisher/src/basic_publisher) by extensions ['colcon_meta']
[0.223s] Level 1:colcon.colcon_core.package_identification:_identify(src/basic_publisher/src/basic_publisher) by extension 'colcon_meta'
[0.223s] Level 1:colcon.colcon_core.package_identification:_identify(src/basic_publisher/src/basic_publisher) by extensions ['ros']
[0.223s] Level 1:colcon.colcon_core.package_identification:_identify(src/basic_publisher/src/basic_publisher) by extension 'ros'
[0.230s] DEBUG:colcon.colcon_core.package_identification:Package 'src/basic_publisher/src/basic_publisher' with type 'ros.ament_python' and name 'basic_publisher'
[0.230s] Level 1:colcon.colcon_core.package_identification:_identify(src/basic_subscriber) by extensions ['ignore', 'ignore_ament_install']
[0.230s] Level 1:colcon.colcon_core.package_identification:_identify(src/basic_subscriber) by extension 'ignore'
[0.230s] Level 1:colcon.colcon_core.package_identification:_identify(src/basic_subscriber) by extension 'ignore_ament_install'
[0.230s] Level 1:colcon.colcon_core.package_identification:_identify(src/basic_subscriber) by extensions ['colcon_pkg']
[0.230s] Level 1:colcon.colcon_core.package_identification:_identify(src/basic_subscriber) by extension 'colcon_pkg'
[0.230s] Level 1:colcon.colcon_core.package_identification:_identify(src/basic_subscriber) by extensions ['colcon_meta']
[0.230s] Level 1:colcon.colcon_core.package_identification:_identify(src/basic_subscriber) by extension 'colcon_meta'
[0.230s] Level 1:colcon.colcon_core.package_identification:_identify(src/basic_subscriber) by extensions ['ros']
[0.230s] Level 1:colcon.colcon_core.package_identification:_identify(src/basic_subscriber) by extension 'ros'
[0.230s] Level 1:colcon.colcon_core.package_identification:_identify(src/basic_subscriber) by extensions ['cmake', 'python']
[0.230s] Level 1:colcon.colcon_core.package_identification:_identify(src/basic_subscriber) by extension 'cmake'
[0.231s] Level 1:colcon.colcon_core.package_identification:_identify(src/basic_subscriber) by extension 'python'
[0.231s] Level 1:colcon.colcon_core.package_identification:_identify(src/basic_subscriber) by extensions ['python_setup_py']
[0.231s] Level 1:colcon.colcon_core.package_identification:_identify(src/basic_subscriber) by extension 'python_setup_py'
[0.231s] Level 1:colcon.colcon_core.package_identification:_identify(src/basic_subscriber/build) by extensions ['ignore', 'ignore_ament_install']
[0.231s] Level 1:colcon.colcon_core.package_identification:_identify(src/basic_subscriber/build) by extension 'ignore'
[0.231s] Level 1:colcon.colcon_core.package_identification:_identify(src/basic_subscriber/build) ignored
[0.231s] Level 1:colcon.colcon_core.package_identification:_identify(src/basic_subscriber/install) by extensions ['ignore', 'ignore_ament_install']
[0.231s] Level 1:colcon.colcon_core.package_identification:_identify(src/basic_subscriber/install) by extension 'ignore'
[0.231s] Level 1:colcon.colcon_core.package_identification:_identify(src/basic_subscriber/install) ignored
[0.231s] Level 1:colcon.colcon_core.package_identification:_identify(src/basic_subscriber/log) by extensions ['ignore', 'ignore_ament_install']
[0.231s] Level 1:colcon.colcon_core.package_identification:_identify(src/basic_subscriber/log) by extension 'ignore'
[0.231s] Level 1:colcon.colcon_core.package_identification:_identify(src/basic_subscriber/log) ignored
[0.232s] Level 1:colcon.colcon_core.package_identification:_identify(src/basic_subscriber/src) by extensions ['ignore', 'ignore_ament_install']
[0.232s] Level 1:colcon.colcon_core.package_identification:_identify(src/basic_subscriber/src) by extension 'ignore'
[0.232s] Level 1:colcon.colcon_core.package_identification:_identify(src/basic_subscriber/src) by extension 'ignore_ament_install'
[0.232s] Level 1:colcon.colcon_core.package_identification:_identify(src/basic_subscriber/src) by extensions ['colcon_pkg']
[0.232s] Level 1:colcon.colcon_core.package_identification:_identify(src/basic_subscriber/src) by extension 'colcon_pkg'
[0.232s] Level 1:colcon.colcon_core.package_identification:_identify(src/basic_subscriber/src) by extensions ['colcon_meta']
[0.232s] Level 1:colcon.colcon_core.package_identification:_identify(src/basic_subscriber/src) by extension 'colcon_meta'
[0.232s] Level 1:colcon.colcon_core.package_identification:_identify(src/basic_subscriber/src) by extensions ['ros']
[0.232s] Level 1:colcon.colcon_core.package_identification:_identify(src/basic_subscriber/src) by extension 'ros'
[0.232s] Level 1:colcon.colcon_core.package_identification:_identify(src/basic_subscriber/src) by extensions ['cmake', 'python']
[0.232s] Level 1:colcon.colcon_core.package_identification:_identify(src/basic_subscriber/src) by extension 'cmake'
[0.232s] Level 1:colcon.colcon_core.package_identification:_identify(src/basic_subscriber/src) by extension 'python'
[0.232s] Level 1:colcon.colcon_core.package_identification:_identify(src/basic_subscriber/src) by extensions ['python_setup_py']
[0.232s] Level 1:colcon.colcon_core.package_identification:_identify(src/basic_subscriber/src) by extension 'python_setup_py'
[0.232s] Level 1:colcon.colcon_core.package_identification:_identify(src/basic_subscriber/src/basic_subscriber) by extensions ['ignore', 'ignore_ament_install']
[0.232s] Level 1:colcon.colcon_core.package_identification:_identify(src/basic_subscriber/src/basic_subscriber) by extension 'ignore'
[0.233s] Level 1:colcon.colcon_core.package_identification:_identify(src/basic_subscriber/src/basic_subscriber) by extension 'ignore_ament_install'
[0.233s] Level 1:colcon.colcon_core.package_identification:_identify(src/basic_subscriber/src/basic_subscriber) by extensions ['colcon_pkg']
[0.233s] Level 1:colcon.colcon_core.package_identification:_identify(src/basic_subscriber/src/basic_subscriber) by extension 'colcon_pkg'
[0.233s] Level 1:colcon.colcon_core.package_identification:_identify(src/basic_subscriber/src/basic_subscriber) by extensions ['colcon_meta']
[0.233s] Level 1:colcon.colcon_core.package_identification:_identify(src/basic_subscriber/src/basic_subscriber) by extension 'colcon_meta'
[0.233s] Level 1:colcon.colcon_core.package_identification:_identify(src/basic_subscriber/src/basic_subscriber) by extensions ['ros']
[0.233s] Level 1:colcon.colcon_core.package_identification:_identify(src/basic_subscriber/src/basic_subscriber) by extension 'ros'
[0.233s] DEBUG:colcon.colcon_core.package_identification:Package 'src/basic_subscriber/src/basic_subscriber' with type 'ros.ament_python' and name 'basic_subscriber'
[0.234s] Level 1:colcon.colcon_core.package_identification:_identify(src/points_py) by extensions ['ignore', 'ignore_ament_install']
[0.235s] Level 1:colcon.colcon_core.package_identification:_identify(src/points_py) by extension 'ignore'
[0.235s] Level 1:colcon.colcon_core.package_identification:_identify(src/points_py) by extension 'ignore_ament_install'
[0.235s] Level 1:colcon.colcon_core.package_identification:_identify(src/points_py) by extensions ['colcon_pkg']
[0.235s] Level 1:colcon.colcon_core.package_identification:_identify(src/points_py) by extension 'colcon_pkg'
[0.235s] Level 1:colcon.colcon_core.package_identification:_identify(src/points_py) by extensions ['colcon_meta']
[0.235s] Level 1:colcon.colcon_core.package_identification:_identify(src/points_py) by extension 'colcon_meta'
[0.235s] Level 1:colcon.colcon_core.package_identification:_identify(src/points_py) by extensions ['ros']
[0.235s] Level 1:colcon.colcon_core.package_identification:_identify(src/points_py) by extension 'ros'
[0.237s] DEBUG:colcon.colcon_core.package_identification:Package 'src/points_py' with type 'ros.ament_python' and name 'points_py'
[0.237s] Level 1:colcon.colcon_core.package_discovery:discover_packages(recursive) using defaults
[0.237s] Level 1:colcon.colcon_core.package_discovery:discover_packages(ignore) discover
[0.237s] Level 1:colcon.colcon_core.package_discovery:discover_packages(ignore) using defaults
[0.237s] Level 1:colcon.colcon_core.package_discovery:discover_packages(path) discover
[0.237s] Level 1:colcon.colcon_core.package_discovery:discover_packages(path) using defaults
[0.267s] Level 1:colcon.colcon_core.package_discovery:discover_packages(prefix_path) check parameters
[0.267s] Level 1:colcon.colcon_core.package_discovery:discover_packages(prefix_path) discover
[0.270s] DEBUG:colcon.colcon_installed_package_information.package_discovery:Found 285 installed packages in /opt/ros/jazzy
[0.272s] Level 1:colcon.colcon_core.package_discovery:discover_packages(prefix_path) using defaults
[0.340s] Level 5:colcon.colcon_core.verb:set package 'basic_publisher' build argument 'cmake_args' from command line to 'None'
[0.340s] Level 5:colcon.colcon_core.verb:set package 'basic_publisher' build argument 'cmake_target' from command line to 'None'
[0.340s] Level 5:colcon.colcon_core.verb:set package 'basic_publisher' build argument 'cmake_target_skip_unavailable' from command line to 'False'
[0.340s] Level 5:colcon.colcon_core.verb:set package 'basic_publisher' build argument 'cmake_clean_cache' from command line to 'False'
[0.340s] Level 5:colcon.colcon_core.verb:set package 'basic_publisher' build argument 'cmake_clean_first' from command line to 'False'
[0.340s] Level 5:colcon.colcon_core.verb:set package 'basic_publisher' build argument 'cmake_force_configure' from command line to 'False'
[0.340s] Level 5:colcon.colcon_core.verb:set package 'basic_publisher' build argument 'ament_cmake_args' from command line to 'None'
[0.341s] Level 5:colcon.colcon_core.verb:set package 'basic_publisher' build argument 'catkin_cmake_args' from command line to 'None'
[0.341s] Level 5:colcon.colcon_core.verb:set package 'basic_publisher' build argument 'catkin_skip_building_tests' from command line to 'False'
[0.341s] DEBUG:colcon.colcon_core.verb:Building package 'basic_publisher' with the following arguments: {'ament_cmake_args': None, 'build_base': '/home/edward-grieg/repos/BGRacing_2026/build/basic_publisher', 'catkin_cmake_args': None, 'catkin_skip_building_tests': False, 'cmake_args': None, 'cmake_clean_cache': False, 'cmake_clean_first': False, 'cmake_force_configure': False, 'cmake_target': None, 'cmake_target_skip_unavailable': False, 'install_base': '/home/edward-grieg/repos/BGRacing_2026/install/basic_publisher', 'merge_install': False, 'path': '/home/edward-grieg/repos/BGRacing_2026/src/basic_publisher/src/basic_publisher', 'symlink_install': False, 'test_result_base': None}
[0.341s] Level 5:colcon.colcon_core.verb:set package 'basic_subscriber' build argument 'cmake_args' from command line to 'None'
[0.341s] Level 5:colcon.colcon_core.verb:set package 'basic_subscriber' build argument 'cmake_target' from command line to 'None'
[0.341s] Level 5:colcon.colcon_core.verb:set package 'basic_subscriber' build argument 'cmake_target_skip_unavailable' from command line to 'False'
[0.341s] Level 5:colcon.colcon_core.verb:set package 'basic_subscriber' build argument 'cmake_clean_cache' from command line to 'False'
[0.341s] Level 5:colcon.colcon_core.verb:set package 'basic_subscriber' build argument 'cmake_clean_first' from command line to 'False'
[0.341s] Level 5:colcon.colcon_core.verb:set package 'basic_subscriber' build argument 'cmake_force_configure' from command line to 'False'
[0.341s] Level 5:colcon.colcon_core.verb:set package 'basic_subscriber' build argument 'ament_cmake_args' from command line to 'None'
[0.341s] Level 5:colcon.colcon_core.verb:set package 'basic_subscriber' build argument 'catkin_cmake_args' from command line to 'None'
[0.341s] Level 5:colcon.colcon_core.verb:set package 'basic_subscriber' build argument 'catkin_skip_building_tests' from command line to 'False'
[0.341s] DEBUG:colcon.colcon_core.verb:Building package 'basic_subscriber' with the following arguments: {'ament_cmake_args': None, 'build_base': '/home/edward-grieg/repos/BGRacing_2026/build/basic_subscriber', 'catkin_cmake_args': None, 'catkin_skip_building_tests': False, 'cmake_args': None, 'cmake_clean_cache': False, 'cmake_clean_first': False, 'cmake_force_configure': False, 'cmake_target': None, 'cmake_target_skip_unavailable': False, 'install_base': '/home/edward-grieg/repos/BGRacing_2026/install/basic_subscriber', 'merge_install': False, 'path': '/home/edward-grieg/repos/BGRacing_2026/src/basic_subscriber/src/basic_subscriber', 'symlink_install': False, 'test_result_base': None}
[0.342s] Level 5:colcon.colcon_core.verb:set package 'points_py' build argument 'cmake_args' from command line to 'None'
[0.342s] Level 5:colcon.colcon_core.verb:set package 'points_py' build argument 'cmake_target' from command line to 'None'
[0.342s] Level 5:colcon.colcon_core.verb:set package 'points_py' build argument 'cmake_target_skip_unavailable' from command line to 'False'
[0.342s] Level 5:colcon.colcon_core.verb:set package 'points_py' build argument 'cmake_clean_cache' from command line to 'False'
[0.342s] Level 5:colcon.colcon_core.verb:set package 'points_py' build argument 'cmake_clean_first' from command line to 'False'
[0.342s] Level 5:colcon.colcon_core.verb:set package 'points_py' build argument 'cmake_force_configure' from command line to 'False'
[0.342s] Level 5:colcon.colcon_core.verb:set package 'points_py' build argument 'ament_cmake_args' from command line to 'None'
[0.342s] Level 5:colcon.colcon_core.verb:set package 'points_py' build argument 'catkin_cmake_args' from command line to 'None'
[0.342s] Level 5:colcon.colcon_core.verb:set package 'points_py' build argument 'catkin_skip_building_tests' from command line to 'False'
[0.342s] DEBUG:colcon.colcon_core.verb:Building package 'points_py' with the following arguments: {'ament_cmake_args': None, 'build_base': '/home/edward-grieg/repos/BGRacing_2026/build/points_py', 'catkin_cmake_args': None, 'catkin_skip_building_tests': False, 'cmake_args': None, 'cmake_clean_cache': False, 'cmake_clean_first': False, 'cmake_force_configure': False, 'cmake_target': None, 'cmake_target_skip_unavailable': False, 'install_base': '/home/edward-grieg/repos/BGRacing_2026/install/points_py', 'merge_install': False, 'path': '/home/edward-grieg/repos/BGRacing_2026/src/points_py', 'symlink_install': False, 'test_result_base': None}
[0.342s] INFO:colcon.colcon_core.executor:Executing jobs using 'parallel' executor
[0.343s] DEBUG:colcon.colcon_parallel_executor.executor.parallel:run_until_complete
[0.343s] INFO:colcon.colcon_ros.task.ament_python.build:Building ROS package in '/home/edward-grieg/repos/BGRacing_2026/src/basic_publisher/src/basic_publisher' with build type 'ament_python'
[0.343s] Level 1:colcon.colcon_core.shell:create_environment_hook('basic_publisher', 'ament_prefix_path')
[0.349s] INFO:colcon.colcon_core.plugin_system:Skipping extension 'colcon_core.shell.bat': Not used on non-Windows systems
[0.349s] INFO:colcon.colcon_core.shell:Creating environment hook '/home/edward-grieg/repos/BGRacing_2026/install/basic_publisher/share/basic_publisher/hook/ament_prefix_path.ps1'
[0.352s] INFO:colcon.colcon_core.shell:Creating environment descriptor '/home/edward-grieg/repos/BGRacing_2026/install/basic_publisher/share/basic_publisher/hook/ament_prefix_path.dsv'
[0.354s] INFO:colcon.colcon_core.shell:Creating environment hook '/home/edward-grieg/repos/BGRacing_2026/install/basic_publisher/share/basic_publisher/hook/ament_prefix_path.sh'
[0.359s] INFO:colcon.colcon_core.shell:Skip shell extension 'powershell' for command environment: Not usable outside of PowerShell
[0.359s] DEBUG:colcon.colcon_core.shell:Skip shell extension 'dsv' for command environment
[0.373s] INFO:colcon.colcon_ros.task.ament_python.build:Building ROS package in '/home/edward-grieg/repos/BGRacing_2026/src/basic_subscriber/src/basic_subscriber' with build type 'ament_python'
[0.373s] Level 1:colcon.colcon_core.shell:create_environment_hook('basic_subscriber', 'ament_prefix_path')
[0.373s] INFO:colcon.colcon_core.shell:Creating environment hook '/home/edward-grieg/repos/BGRacing_2026/install/basic_subscriber/share/basic_subscriber/hook/ament_prefix_path.ps1'
[0.376s] INFO:colcon.colcon_core.shell:Creating environment descriptor '/home/edward-grieg/repos/BGRacing_2026/install/basic_subscriber/share/basic_subscriber/hook/ament_prefix_path.dsv'
[0.377s] INFO:colcon.colcon_core.shell:Creating environment hook '/home/edward-grieg/repos/BGRacing_2026/install/basic_subscriber/share/basic_subscriber/hook/ament_prefix_path.sh'
[0.377s] INFO:colcon.colcon_core.shell:Skip shell extension 'powershell' for command environment: Not usable outside of PowerShell
[0.377s] DEBUG:colcon.colcon_core.shell:Skip shell extension 'dsv' for command environment
[0.672s] INFO:colcon.colcon_core.task.python.build:Building Python package in '/home/edward-grieg/repos/BGRacing_2026/src/basic_publisher/src/basic_publisher'
[0.673s] INFO:colcon.colcon_core.shell:Skip shell extension 'powershell' for command environment: Not usable outside of PowerShell
[0.673s] DEBUG:colcon.colcon_core.shell:Skip shell extension 'dsv' for command environment
[0.940s] INFO:colcon.colcon_core.task.python.build:Building Python package in '/home/edward-grieg/repos/BGRacing_2026/src/basic_subscriber/src/basic_subscriber'
[0.941s] INFO:colcon.colcon_core.shell:Skip shell extension 'powershell' for command environment: Not usable outside of PowerShell
[0.941s] DEBUG:colcon.colcon_core.shell:Skip shell extension 'dsv' for command environment
[2.521s] DEBUG:colcon.colcon_core.event_handler.log_command:Invoking command in '/home/edward-grieg/repos/BGRacing_2026/src/basic_subscriber/src/basic_subscriber': DEBUGINFOD_URLS=https://debuginfod.ubuntu.com PYTHONPATH=/home/edward-grieg/repos/BGRacing_2026/build/basic_subscriber/prefix_override:/usr/lib/python3/dist-packages/colcon_core/task/python/colcon_distutils_commands:/home/edward-grieg/repos/BGRacing_2026/install/basic_subscriber/lib/python3.12/site-packages:${PYTHONPATH} /usr/bin/python3 -W ignore:setup.py install is deprecated -W ignore:easy_install command is deprecated setup.py egg_info --egg-base ../../../../build/basic_subscriber build --build-base /home/edward-grieg/repos/BGRacing_2026/build/basic_subscriber/build install --record /home/edward-grieg/repos/BGRacing_2026/build/basic_subscriber/install.log --single-version-externally-managed install_data
[2.528s] DEBUG:colcon.colcon_core.event_handler.log_command:Invoking command in '/home/edward-grieg/repos/BGRacing_2026/src/basic_publisher/src/basic_publisher': DEBUGINFOD_URLS=https://debuginfod.ubuntu.com PYTHONPATH=/home/edward-grieg/repos/BGRacing_2026/build/basic_publisher/prefix_override:/usr/lib/python3/dist-packages/colcon_core/task/python/colcon_distutils_commands:/home/edward-grieg/repos/BGRacing_2026/install/basic_publisher/lib/python3.12/site-packages:${PYTHONPATH} /usr/bin/python3 -W ignore:setup.py install is deprecated -W ignore:easy_install command is deprecated setup.py egg_info --egg-base ../../../../build/basic_publisher build --build-base /home/edward-grieg/repos/BGRacing_2026/build/basic_publisher/build install --record /home/edward-grieg/repos/BGRacing_2026/build/basic_publisher/install.log --single-version-externally-managed install_data
[3.375s] DEBUG:colcon.colcon_core.event_handler.log_command:Invoked command in '/home/edward-grieg/repos/BGRacing_2026/src/basic_publisher/src/basic_publisher' returned '0': DEBUGINFOD_URLS=https://debuginfod.ubuntu.com PYTHONPATH=/home/edward-grieg/repos/BGRacing_2026/build/basic_publisher/prefix_override:/usr/lib/python3/dist-packages/colcon_core/task/python/colcon_distutils_commands:/home/edward-grieg/repos/BGRacing_2026/install/basic_publisher/lib/python3.12/site-packages:${PYTHONPATH} /usr/bin/python3 -W ignore:setup.py install is deprecated -W ignore:easy_install command is deprecated setup.py egg_info --egg-base ../../../../build/basic_publisher build --build-base /home/edward-grieg/repos/BGRacing_2026/build/basic_publisher/build install --record /home/edward-grieg/repos/BGRacing_2026/build/basic_publisher/install.log --single-version-externally-managed install_data
[3.397s] Level 1:colcon.colcon_core.environment:checking '/home/edward-grieg/repos/BGRacing_2026/install/basic_publisher' for CMake module files
[3.398s] Level 1:colcon.colcon_core.environment:checking '/home/edward-grieg/repos/BGRacing_2026/install/basic_publisher' for CMake config files
[3.399s] Level 1:colcon.colcon_core.environment:checking '/home/edward-grieg/repos/BGRacing_2026/install/basic_publisher/lib'
[3.399s] Level 1:colcon.colcon_core.environment:checking '/home/edward-grieg/repos/BGRacing_2026/install/basic_publisher/bin'
[3.399s] Level 1:colcon.colcon_core.environment:checking '/home/edward-grieg/repos/BGRacing_2026/install/basic_publisher/lib/pkgconfig/basic_publisher.pc'
[3.399s] Level 1:colcon.colcon_core.environment:checking '/home/edward-grieg/repos/BGRacing_2026/install/basic_publisher/lib/python3.12/site-packages'
[3.399s] Level 1:colcon.colcon_core.shell:create_environment_hook('basic_publisher', 'pythonpath')
[3.400s] INFO:colcon.colcon_core.shell:Creating environment hook '/home/edward-grieg/repos/BGRacing_2026/install/basic_publisher/share/basic_publisher/hook/pythonpath.ps1'
[3.400s] INFO:colcon.colcon_core.shell:Creating environment descriptor '/home/edward-grieg/repos/BGRacing_2026/install/basic_publisher/share/basic_publisher/hook/pythonpath.dsv'
[3.400s] INFO:colcon.colcon_core.shell:Creating environment hook '/home/edward-grieg/repos/BGRacing_2026/install/basic_publisher/share/basic_publisher/hook/pythonpath.sh'
[3.401s] Level 1:colcon.colcon_core.environment:checking '/home/edward-grieg/repos/BGRacing_2026/install/basic_publisher/bin'
[3.401s] Level 1:colcon.colcon_core.environment:create_environment_scripts_only(basic_publisher)
[3.401s] INFO:colcon.colcon_core.shell:Creating package script '/home/edward-grieg/repos/BGRacing_2026/install/basic_publisher/share/basic_publisher/package.ps1'
[3.404s] INFO:colcon.colcon_core.shell:Creating package descriptor '/home/edward-grieg/repos/BGRacing_2026/install/basic_publisher/share/basic_publisher/package.dsv'
[3.405s] INFO:colcon.colcon_core.shell:Creating package script '/home/edward-grieg/repos/BGRacing_2026/install/basic_publisher/share/basic_publisher/package.sh'
[3.407s] INFO:colcon.colcon_core.shell:Creating package script '/home/edward-grieg/repos/BGRacing_2026/install/basic_publisher/share/basic_publisher/package.bash'
[3.408s] INFO:colcon.colcon_core.shell:Creating package script '/home/edward-grieg/repos/BGRacing_2026/install/basic_publisher/share/basic_publisher/package.zsh'
[3.410s] Level 1:colcon.colcon_core.environment:create_file_with_runtime_dependencies(/home/edward-grieg/repos/BGRacing_2026/install/basic_publisher/share/colcon-core/packages/basic_publisher)
[3.411s] INFO:colcon.colcon_ros.task.ament_python.build:Building ROS package in '/home/edward-grieg/repos/BGRacing_2026/src/points_py' with build type 'ament_python'
[3.411s] Level 1:colcon.colcon_core.shell:create_environment_hook('points_py', 'ament_prefix_path')
[3.411s] INFO:colcon.colcon_core.shell:Creating environment hook '/home/edward-grieg/repos/BGRacing_2026/install/points_py/share/points_py/hook/ament_prefix_path.ps1'
[3.418s] INFO:colcon.colcon_core.shell:Creating environment descriptor '/home/edward-grieg/repos/BGRacing_2026/install/points_py/share/points_py/hook/ament_prefix_path.dsv'
[3.419s] INFO:colcon.colcon_core.shell:Creating environment hook '/home/edward-grieg/repos/BGRacing_2026/install/points_py/share/points_py/hook/ament_prefix_path.sh'
[3.422s] INFO:colcon.colcon_core.shell:Skip shell extension 'powershell' for command environment: Not usable outside of PowerShell
[3.422s] DEBUG:colcon.colcon_core.shell:Skip shell extension 'dsv' for command environment
[3.429s] Level 1:colcon.colcon_core.environment:checking '/home/edward-grieg/repos/BGRacing_2026/install/basic_subscriber' for CMake module files
[3.431s] Level 1:colcon.colcon_core.environment:checking '/home/edward-grieg/repos/BGRacing_2026/install/basic_subscriber' for CMake config files
[3.432s] Level 1:colcon.colcon_core.environment:checking '/home/edward-grieg/repos/BGRacing_2026/install/basic_subscriber/lib'
[3.432s] Level 1:colcon.colcon_core.environment:checking '/home/edward-grieg/repos/BGRacing_2026/install/basic_subscriber/bin'
[3.432s] Level 1:colcon.colcon_core.environment:checking '/home/edward-grieg/repos/BGRacing_2026/install/basic_subscriber/lib/pkgconfig/basic_subscriber.pc'
[3.432s] Level 1:colcon.colcon_core.environment:checking '/home/edward-grieg/repos/BGRacing_2026/install/basic_subscriber/lib/python3.12/site-packages'
[3.432s] Level 1:colcon.colcon_core.shell:create_environment_hook('basic_subscriber', 'pythonpath')
[3.433s] INFO:colcon.colcon_core.shell:Creating environment hook '/home/edward-grieg/repos/BGRacing_2026/install/basic_subscriber/share/basic_subscriber/hook/pythonpath.ps1'
[3.433s] DEBUG:colcon.colcon_core.event_handler.log_command:Invoked command in '/home/edward-grieg/repos/BGRacing_2026/src/basic_subscriber/src/basic_subscriber' returned '0': DEBUGINFOD_URLS=https://debuginfod.ubuntu.com PYTHONPATH=/home/edward-grieg/repos/BGRacing_2026/build/basic_subscriber/prefix_override:/usr/lib/python3/dist-packages/colcon_core/task/python/colcon_distutils_commands:/home/edward-grieg/repos/BGRacing_2026/install/basic_subscriber/lib/python3.12/site-packages:${PYTHONPATH} /usr/bin/python3 -W ignore:setup.py install is deprecated -W ignore:easy_install command is deprecated setup.py egg_info --egg-base ../../../../build/basic_subscriber build --build-base /home/edward-grieg/repos/BGRacing_2026/build/basic_subscriber/build install --record /home/edward-grieg/repos/BGRacing_2026/build/basic_subscriber/install.log --single-version-externally-managed install_data
[3.434s] INFO:colcon.colcon_core.shell:Creating environment descriptor '/home/edward-grieg/repos/BGRacing_2026/install/basic_subscriber/share/basic_subscriber/hook/pythonpath.dsv'
[3.434s] INFO:colcon.colcon_core.shell:Creating environment hook '/home/edward-grieg/repos/BGRacing_2026/install/basic_subscriber/share/basic_subscriber/hook/pythonpath.sh'
[3.435s] Level 1:colcon.colcon_core.environment:checking '/home/edward-grieg/repos/BGRacing_2026/install/basic_subscriber/bin'
[3.435s] Level 1:colcon.colcon_core.environment:create_environment_scripts_only(basic_subscriber)
[3.435s] INFO:colcon.colcon_core.shell:Creating package script '/home/edward-grieg/repos/BGRacing_2026/install/basic_subscriber/share/basic_subscriber/package.ps1'
[3.436s] INFO:colcon.colcon_core.shell:Creating package descriptor '/home/edward-grieg/repos/BGRacing_2026/install/basic_subscriber/share/basic_subscriber/package.dsv'
[3.436s] INFO:colcon.colcon_core.shell:Creating package script '/home/edward-grieg/repos/BGRacing_2026/install/basic_subscriber/share/basic_subscriber/package.sh'
[3.437s] INFO:colcon.colcon_core.shell:Creating package script '/home/edward-grieg/repos/BGRacing_2026/install/basic_subscriber/share/basic_subscriber/package.bash'
[3.437s] INFO:colcon.colcon_core.shell:Creating package script '/home/edward-grieg/repos/BGRacing_2026/install/basic_subscriber/share/basic_subscriber/package.zsh'
[3.437s] Level 1:colcon.colcon_core.environment:create_file_with_runtime_dependencies(/home/edward-grieg/repos/BGRacing_2026/install/basic_subscriber/share/colcon-core/packages/basic_subscriber)
[3.738s] INFO:colcon.colcon_core.task.python.build:Building Python package in '/home/edward-grieg/repos/BGRacing_2026/src/points_py'
[3.738s] INFO:colcon.colcon_core.shell:Skip shell extension 'powershell' for command environment: Not usable outside of PowerShell
[3.738s] DEBUG:colcon.colcon_core.shell:Skip shell extension 'dsv' for command environment
[4.530s] DEBUG:colcon.colcon_core.event_handler.log_command:Invoking command in '/home/edward-grieg/repos/BGRacing_2026/src/points_py': DEBUGINFOD_URLS=https://debuginfod.ubuntu.com PYTHONPATH=/home/edward-grieg/repos/BGRacing_2026/build/points_py/prefix_override:/usr/lib/python3/dist-packages/colcon_core/task/python/colcon_distutils_commands:/home/edward-grieg/repos/BGRacing_2026/install/points_py/lib/python3.12/site-packages:${PYTHONPATH} /usr/bin/python3 -W ignore:setup.py install is deprecated -W ignore:easy_install command is deprecated setup.py egg_info --egg-base ../../build/points_py build --build-base /home/edward-grieg/repos/BGRacing_2026/build/points_py/build install --record /home/edward-grieg/repos/BGRacing_2026/build/points_py/install.log --single-version-externally-managed install_data
[5.259s] Level 1:colcon.colcon_core.environment:checking '/home/edward-grieg/repos/BGRacing_2026/install/points_py' for CMake module files
[5.260s] DEBUG:colcon.colcon_core.event_handler.log_command:Invoked command in '/home/edward-grieg/repos/BGRacing_2026/src/points_py' returned '0': DEBUGINFOD_URLS=https://debuginfod.ubuntu.com PYTHONPATH=/home/edward-grieg/repos/BGRacing_2026/build/points_py/prefix_override:/usr/lib/python3/dist-packages/colcon_core/task/python/colcon_distutils_commands:/home/edward-grieg/repos/BGRacing_2026/install/points_py/lib/python3.12/site-packages:${PYTHONPATH} /usr/bin/python3 -W ignore:setup.py install is deprecated -W ignore:easy_install command is deprecated setup.py egg_info --egg-base ../../build/points_py build --build-base /home/edward-grieg/repos/BGRacing_2026/build/points_py/build install --record /home/edward-grieg/repos/BGRacing_2026/build/points_py/install.log --single-version-externally-managed install_data
[5.261s] Level 1:colcon.colcon_core.environment:checking '/home/edward-grieg/repos/BGRacing_2026/install/points_py' for CMake config files
[5.263s] Level 1:colcon.colcon_core.environment:checking '/home/edward-grieg/repos/BGRacing_2026/install/points_py/lib'
[5.263s] Level 1:colcon.colcon_core.environment:checking '/home/edward-grieg/repos/BGRacing_2026/install/points_py/bin'
[5.263s] Level 1:colcon.colcon_core.environment:checking '/home/edward-grieg/repos/BGRacing_2026/install/points_py/lib/pkgconfig/points_py.pc'
[5.263s] Level 1:colcon.colcon_core.environment:checking '/home/edward-grieg/repos/BGRacing_2026/install/points_py/lib/python3.12/site-packages'
[5.264s] Level 1:colcon.colcon_core.shell:create_environment_hook('points_py', 'pythonpath')
[5.264s] INFO:colcon.colcon_core.shell:Creating environment hook '/home/edward-grieg/repos/BGRacing_2026/install/points_py/share/points_py/hook/pythonpath.ps1'
[5.264s] INFO:colcon.colcon_core.shell:Creating environment descriptor '/home/edward-grieg/repos/BGRacing_2026/install/points_py/share/points_py/hook/pythonpath.dsv'
[5.265s] INFO:colcon.colcon_core.shell:Creating environment hook '/home/edward-grieg/repos/BGRacing_2026/install/points_py/share/points_py/hook/pythonpath.sh'
[5.266s] Level 1:colcon.colcon_core.environment:checking '/home/edward-grieg/repos/BGRacing_2026/install/points_py/bin'
[5.266s] Level 1:colcon.colcon_core.environment:create_environment_scripts_only(points_py)
[5.266s] INFO:colcon.colcon_core.shell:Creating package script '/home/edward-grieg/repos/BGRacing_2026/install/points_py/share/points_py/package.ps1'
[5.267s] INFO:colcon.colcon_core.shell:Creating package descriptor '/home/edward-grieg/repos/BGRacing_2026/install/points_py/share/points_py/package.dsv'
[5.267s] INFO:colcon.colcon_core.shell:Creating package script '/home/edward-grieg/repos/BGRacing_2026/install/points_py/share/points_py/package.sh'
[5.268s] INFO:colcon.colcon_core.shell:Creating package script '/home/edward-grieg/repos/BGRacing_2026/install/points_py/share/points_py/package.bash'
[5.269s] INFO:colcon.colcon_core.shell:Creating package script '/home/edward-grieg/repos/BGRacing_2026/install/points_py/share/points_py/package.zsh'
[5.269s] Level 1:colcon.colcon_core.environment:create_file_with_runtime_dependencies(/home/edward-grieg/repos/BGRacing_2026/install/points_py/share/colcon-core/packages/points_py)
[5.270s] DEBUG:colcon.colcon_parallel_executor.executor.parallel:closing loop
[5.270s] DEBUG:colcon.colcon_parallel_executor.executor.parallel:loop closed
[5.271s] DEBUG:colcon.colcon_parallel_executor.executor.parallel:run_until_complete finished with '0'
[5.271s] DEBUG:colcon.colcon_core.event_reactor:joining thread
[5.279s] INFO:colcon.colcon_core.plugin_system:Skipping extension 'colcon_notification.desktop_notification.terminal_notifier': Not used on non-Darwin systems
[5.279s] INFO:colcon.colcon_core.plugin_system:Skipping extension 'colcon_notification.desktop_notification.win32': Not used on non-Windows systems
[5.279s] INFO:colcon.colcon_notification.desktop_notification:Sending desktop notification using 'notify2'
[5.301s] DEBUG:colcon.colcon_core.event_reactor:joined thread
[5.302s] INFO:colcon.colcon_core.shell:Creating prefix script '/home/edward-grieg/repos/BGRacing_2026/install/local_setup.ps1'
[5.303s] INFO:colcon.colcon_core.shell:Creating prefix util module '/home/edward-grieg/repos/BGRacing_2026/install/_local_setup_util_ps1.py'
[5.305s] INFO:colcon.colcon_core.shell:Creating prefix chain script '/home/edward-grieg/repos/BGRacing_2026/install/setup.ps1'
[5.306s] INFO:colcon.colcon_core.shell:Creating prefix script '/home/edward-grieg/repos/BGRacing_2026/install/local_setup.sh'
[5.307s] INFO:colcon.colcon_core.shell:Creating prefix util module '/home/edward-grieg/repos/BGRacing_2026/install/_local_setup_util_sh.py'
[5.308s] INFO:colcon.colcon_core.shell:Creating prefix chain script '/home/edward-grieg/repos/BGRacing_2026/install/setup.sh'
[5.309s] INFO:colcon.colcon_core.shell:Creating prefix script '/home/edward-grieg/repos/BGRacing_2026/install/local_setup.bash'
[5.310s] INFO:colcon.colcon_core.shell:Creating prefix chain script '/home/edward-grieg/repos/BGRacing_2026/install/setup.bash'
[5.311s] INFO:colcon.colcon_core.shell:Creating prefix script '/home/edward-grieg/repos/BGRacing_2026/install/local_setup.zsh'
[5.312s] INFO:colcon.colcon_core.shell:Creating prefix chain script '/home/edward-grieg/repos/BGRacing_2026/install/setup.zsh'
