[1.136s] Invoking command in '/home/edward-grieg/repos/BGRacing_2026/src/points_py': DEBUGINFOD_URLS=https://debuginfod.ubuntu.com PYTHONPATH=/home/edward-grieg/repos/BGRacing_2026/build/points_py/prefix_override:/usr/lib/python3/dist-packages/colcon_core/task/python/colcon_distutils_commands:/home/edward-grieg/repos/BGRacing_2026/install/points_py/lib/python3.12/site-packages:${PYTHONPATH} /usr/bin/python3 -W ignore:setup.py install is deprecated -W ignore:easy_install command is deprecated setup.py egg_info --egg-base ../../build/points_py build --build-base /home/edward-grieg/repos/BGRacing_2026/build/points_py/build install --record /home/edward-grieg/repos/BGRacing_2026/build/points_py/install.log --single-version-externally-managed install_data
[1.499s] running egg_info
[1.529s] writing ../../build/points_py/points_py.egg-info/PKG-INFO
[1.530s] writing dependency_links to ../../build/points_py/points_py.egg-info/dependency_links.txt
[1.530s] writing entry points to ../../build/points_py/points_py.egg-info/entry_points.txt
[1.530s] writing requirements to ../../build/points_py/points_py.egg-info/requires.txt
[1.530s] writing top-level names to ../../build/points_py/points_py.egg-info/top_level.txt
[1.591s] reading manifest file '../../build/points_py/points_py.egg-info/SOURCES.txt'
[1.592s] writing manifest file '../../build/points_py/points_py.egg-info/SOURCES.txt'
[1.592s] running build
[1.593s] running build_py
[1.593s] copying points_py/publisher_s.py -> /home/edward-grieg/repos/BGRacing_2026/build/points_py/build/lib/points_py
[1.594s] running install
[1.600s] running install_lib
[1.630s] copying /home/edward-grieg/repos/BGRacing_2026/build/points_py/build/lib/points_py/publisher_s.py -> /home/edward-grieg/repos/BGRacing_2026/install/points_py/lib/python3.12/site-packages/points_py
[1.631s] byte-compiling /home/edward-grieg/repos/BGRacing_2026/install/points_py/lib/python3.12/site-packages/points_py/publisher_s.py to publisher_s.cpython-312.pyc
[1.634s] running install_data
[1.634s] running install_egg_info
[1.667s] removing '/home/edward-grieg/repos/BGRacing_2026/install/points_py/lib/python3.12/site-packages/points_py-0.0.0-py3.12.egg-info' (and everything under it)
[1.670s] Copying ../../build/points_py/points_py.egg-info to /home/edward-grieg/repos/BGRacing_2026/install/points_py/lib/python3.12/site-packages/points_py-0.0.0-py3.12.egg-info
[1.670s] running install_scripts
[1.865s] Installing publisher_s script to /home/edward-grieg/repos/BGRacing_2026/install/points_py/lib/points_py
[1.866s] Installing subscriber_s script to /home/edward-grieg/repos/BGRacing_2026/install/points_py/lib/points_py
[1.867s] writing list of installed files to '/home/edward-grieg/repos/BGRacing_2026/build/points_py/install.log'
[1.905s] Invoked command in '/home/edward-grieg/repos/BGRacing_2026/src/points_py' returned '0': DEBUGINFOD_URLS=https://debuginfod.ubuntu.com PYTHONPATH=/home/edward-grieg/repos/BGRacing_2026/build/points_py/prefix_override:/usr/lib/python3/dist-packages/colcon_core/task/python/colcon_distutils_commands:/home/edward-grieg/repos/BGRacing_2026/install/points_py/lib/python3.12/site-packages:${PYTHONPATH} /usr/bin/python3 -W ignore:setup.py install is deprecated -W ignore:easy_install command is deprecated setup.py egg_info --egg-base ../../build/points_py build --build-base /home/edward-grieg/repos/BGRacing_2026/build/points_py/build install --record /home/edward-grieg/repos/BGRacing_2026/build/points_py/install.log --single-version-externally-managed install_data
