running egg_info
creating ../../build/points_py/points_py.egg-info
writing ../../build/points_py/points_py.egg-info/PKG-INFO
writing dependency_links to ../../build/points_py/points_py.egg-info/dependency_links.txt
writing requirements to ../../build/points_py/points_py.egg-info/requires.txt
writing top-level names to ../../build/points_py/points_py.egg-info/top_level.txt
writing manifest file '../../build/points_py/points_py.egg-info/SOURCES.txt'
reading manifest file '../../build/points_py/points_py.egg-info/SOURCES.txt'
writing manifest file '../../build/points_py/points_py.egg-info/SOURCES.txt'
running build
running build_py
creating /home/edward-grieg/repos/BGRacing_2026/build/points_py/build
creating /home/edward-grieg/repos/BGRacing_2026/build/points_py/build/lib
creating /home/edward-grieg/repos/BGRacing_2026/build/points_py/build/lib/points_py
copying points_py/__init__.py -> /home/edward-grieg/repos/BGRacing_2026/build/points_py/build/lib/points_py
running install
running install_lib
creating /home/edward-grieg/repos/BGRacing_2026/install/points_py/lib/python3.12/site-packages/points_py
copying /home/edward-grieg/repos/BGRacing_2026/build/points_py/build/lib/points_py/__init__.py -> /home/edward-grieg/repos/BGRacing_2026/install/points_py/lib/python3.12/site-packages/points_py
byte-compiling /home/edward-grieg/repos/BGRacing_2026/install/points_py/lib/python3.12/site-packages/points_py/__init__.py to __init__.cpython-312.pyc
running install_data
creating /home/edward-grieg/repos/BGRacing_2026/install/points_py/share/ament_index
creating /home/edward-grieg/repos/BGRacing_2026/install/points_py/share/ament_index/resource_index
creating /home/edward-grieg/repos/BGRacing_2026/install/points_py/share/ament_index/resource_index/packages
copying resource/points_py -> /home/edward-grieg/repos/BGRacing_2026/install/points_py/share/ament_index/resource_index/packages
copying package.xml -> /home/edward-grieg/repos/BGRacing_2026/install/points_py/share/points_py
running install_egg_info
Copying ../../build/points_py/points_py.egg-info to /home/edward-grieg/repos/BGRacing_2026/install/points_py/lib/python3.12/site-packages/points_py-0.0.0-py3.12.egg-info
running install_scripts
writing list of installed files to '/home/edward-grieg/repos/BGRacing_2026/build/points_py/install.log'
