[1.837s] Invoking command in '/home/edward-grieg/repos/BGRacing_2026/src/points_py': DEBUGINFOD_URLS=https://debuginfod.ubuntu.com PYTHONPATH=/home/edward-grieg/repos/BGRacing_2026/build/points_py/prefix_override:/usr/lib/python3/dist-packages/colcon_core/task/python/colcon_distutils_commands:/home/edward-grieg/repos/BGRacing_2026/install/points_py/lib/python3.12/site-packages:${PYTHONPATH} /usr/bin/python3 -W ignore:setup.py install is deprecated -W ignore:easy_install command is deprecated setup.py egg_info --egg-base ../../build/points_py build --build-base /home/edward-grieg/repos/BGRacing_2026/build/points_py/build install --record /home/edward-grieg/repos/BGRacing_2026/build/points_py/install.log --single-version-externally-managed install_data
[2.205s] running egg_info
[2.205s] creating ../../build/points_py/points_py.egg-info
[2.234s] writing ../../build/points_py/points_py.egg-info/PKG-INFO
[2.234s] writing dependency_links to ../../build/points_py/points_py.egg-info/dependency_links.txt
[2.235s] writing requirements to ../../build/points_py/points_py.egg-info/requires.txt
[2.235s] writing top-level names to ../../build/points_py/points_py.egg-info/top_level.txt
[2.235s] writing manifest file '../../build/points_py/points_py.egg-info/SOURCES.txt'
[2.292s] reading manifest file '../../build/points_py/points_py.egg-info/SOURCES.txt'
[2.293s] writing manifest file '../../build/points_py/points_py.egg-info/SOURCES.txt'
[2.294s] running build
[2.294s] running build_py
[2.294s] creating /home/edward-grieg/repos/BGRacing_2026/build/points_py/build
[2.294s] creating /home/edward-grieg/repos/BGRacing_2026/build/points_py/build/lib
[2.294s] creating /home/edward-grieg/repos/BGRacing_2026/build/points_py/build/lib/points_py
[2.296s] copying points_py/__init__.py -> /home/edward-grieg/repos/BGRacing_2026/build/points_py/build/lib/points_py
[2.296s] running install
[2.301s] running install_lib
[2.331s] creating /home/edward-grieg/repos/BGRacing_2026/install/points_py/lib/python3.12/site-packages/points_py
[2.332s] copying /home/edward-grieg/repos/BGRacing_2026/build/points_py/build/lib/points_py/__init__.py -> /home/edward-grieg/repos/BGRacing_2026/install/points_py/lib/python3.12/site-packages/points_py
[2.332s] byte-compiling /home/edward-grieg/repos/BGRacing_2026/install/points_py/lib/python3.12/site-packages/points_py/__init__.py to __init__.cpython-312.pyc
[2.332s] running install_data
[2.333s] creating /home/edward-grieg/repos/BGRacing_2026/install/points_py/share/ament_index
[2.333s] creating /home/edward-grieg/repos/BGRacing_2026/install/points_py/share/ament_index/resource_index
[2.333s] creating /home/edward-grieg/repos/BGRacing_2026/install/points_py/share/ament_index/resource_index/packages
[2.333s] copying resource/points_py -> /home/edward-grieg/repos/BGRacing_2026/install/points_py/share/ament_index/resource_index/packages
[2.333s] copying package.xml -> /home/edward-grieg/repos/BGRacing_2026/install/points_py/share/points_py
[2.334s] running install_egg_info
[2.364s] Copying ../../build/points_py/points_py.egg-info to /home/edward-grieg/repos/BGRacing_2026/install/points_py/lib/python3.12/site-packages/points_py-0.0.0-py3.12.egg-info
[2.367s] running install_scripts
[2.549s] writing list of installed files to '/home/edward-grieg/repos/BGRacing_2026/build/points_py/install.log'
[2.585s] Invoked command in '/home/edward-grieg/repos/BGRacing_2026/src/points_py' returned '0': DEBUGINFOD_URLS=https://debuginfod.ubuntu.com PYTHONPATH=/home/edward-grieg/repos/BGRacing_2026/build/points_py/prefix_override:/usr/lib/python3/dist-packages/colcon_core/task/python/colcon_distutils_commands:/home/edward-grieg/repos/BGRacing_2026/install/points_py/lib/python3.12/site-packages:${PYTHONPATH} /usr/bin/python3 -W ignore:setup.py install is deprecated -W ignore:easy_install command is deprecated setup.py egg_info --egg-base ../../build/points_py build --build-base /home/edward-grieg/repos/BGRacing_2026/build/points_py/build install --record /home/edward-grieg/repos/BGRacing_2026/build/points_py/install.log --single-version-externally-managed install_data
