[1.741s] Invoking command in '/home/edward-grieg/repos/BGRacing_2026/src/points_py': DEBUGINFOD_URLS=https://debuginfod.ubuntu.com PYTHONPATH=/home/edward-grieg/repos/BGRacing_2026/build/points_py/prefix_override:/usr/lib/python3/dist-packages/colcon_core/task/python/colcon_distutils_commands:/home/edward-grieg/repos/BGRacing_2026/install/points_py/lib/python3.12/site-packages:${PYTHONPATH} /usr/bin/python3 -W ignore:setup.py install is deprecated -W ignore:easy_install command is deprecated setup.py egg_info --egg-base ../../build/points_py build --build-base /home/edward-grieg/repos/BGRacing_2026/build/points_py/build install --record /home/edward-grieg/repos/BGRacing_2026/build/points_py/install.log --single-version-externally-managed install_data
[2.182s] running egg_info
[2.209s] writing ../../build/points_py/points_py.egg-info/PKG-INFO
[2.209s] writing dependency_links to ../../build/points_py/points_py.egg-info/dependency_links.txt
[2.210s] writing entry points to ../../build/points_py/points_py.egg-info/entry_points.txt
[2.211s] writing requirements to ../../build/points_py/points_py.egg-info/requires.txt
[2.211s] writing top-level names to ../../build/points_py/points_py.egg-info/top_level.txt
[2.283s] reading manifest file '../../build/points_py/points_py.egg-info/SOURCES.txt'
[2.284s] writing manifest file '../../build/points_py/points_py.egg-info/SOURCES.txt'
[2.286s] running build
[2.286s] running build_py
[2.288s] copying points_py/publisher_s.py -> /home/edward-grieg/repos/BGRacing_2026/build/points_py/build/lib/points_py
[2.289s] running install
[2.297s] running install_lib
[2.326s] copying /home/edward-grieg/repos/BGRacing_2026/build/points_py/build/lib/points_py/publisher_s.py -> /home/edward-grieg/repos/BGRacing_2026/install/points_py/lib/python3.12/site-packages/points_py
[2.331s] byte-compiling /home/edward-grieg/repos/BGRacing_2026/install/points_py/lib/python3.12/site-packages/points_py/publisher_s.py to publisher_s.cpython-312.pyc
[2.332s] running install_data
[2.333s] running install_egg_info
[2.366s] removing '/home/edward-grieg/repos/BGRacing_2026/install/points_py/lib/python3.12/site-packages/points_py-0.0.0-py3.12.egg-info' (and everything under it)
[2.373s] Copying ../../build/points_py/points_py.egg-info to /home/edward-grieg/repos/BGRacing_2026/install/points_py/lib/python3.12/site-packages/points_py-0.0.0-py3.12.egg-info
[2.373s] running install_scripts
[2.572s] Installing publisher_s script to /home/edward-grieg/repos/BGRacing_2026/install/points_py/lib/points_py
[2.573s] Installing subscriber_s script to /home/edward-grieg/repos/BGRacing_2026/install/points_py/lib/points_py
[2.574s] writing list of installed files to '/home/edward-grieg/repos/BGRacing_2026/build/points_py/install.log'
[2.626s] Invoked command in '/home/edward-grieg/repos/BGRacing_2026/src/points_py' returned '0': DEBUGINFOD_URLS=https://debuginfod.ubuntu.com PYTHONPATH=/home/edward-grieg/repos/BGRacing_2026/build/points_py/prefix_override:/usr/lib/python3/dist-packages/colcon_core/task/python/colcon_distutils_commands:/home/edward-grieg/repos/BGRacing_2026/install/points_py/lib/python3.12/site-packages:${PYTHONPATH} /usr/bin/python3 -W ignore:setup.py install is deprecated -W ignore:easy_install command is deprecated setup.py egg_info --egg-base ../../build/points_py build --build-base /home/edward-grieg/repos/BGRacing_2026/build/points_py/build install --record /home/edward-grieg/repos/BGRacing_2026/build/points_py/install.log --single-version-externally-managed install_data
