running egg_info
writing ../../build/points_py/points_py.egg-info/PKG-INFO
writing dependency_links to ../../build/points_py/points_py.egg-info/dependency_links.txt
writing entry points to ../../build/points_py/points_py.egg-info/entry_points.txt
writing requirements to ../../build/points_py/points_py.egg-info/requires.txt
writing top-level names to ../../build/points_py/points_py.egg-info/top_level.txt
reading manifest file '../../build/points_py/points_py.egg-info/SOURCES.txt'
writing manifest file '../../build/points_py/points_py.egg-info/SOURCES.txt'
running build
running build_py
copying points_py/subscriber_s.py -> /home/edward-grieg/repos/BGRacing_2026/build/points_py/build/lib/points_py
running install
running install_lib
copying /home/edward-grieg/repos/BGRacing_2026/build/points_py/build/lib/points_py/subscriber_s.py -> /home/edward-grieg/repos/BGRacing_2026/install/points_py/lib/python3.12/site-packages/points_py
byte-compiling /home/edward-grieg/repos/BGRacing_2026/install/points_py/lib/python3.12/site-packages/points_py/subscriber_s.py to subscriber_s.cpython-312.pyc
running install_data
running install_egg_info
removing '/home/edward-grieg/repos/BGRacing_2026/install/points_py/lib/python3.12/site-packages/points_py-0.0.0-py3.12.egg-info' (and everything under it)
Copying ../../build/points_py/points_py.egg-info to /home/edward-grieg/repos/BGRacing_2026/install/points_py/lib/python3.12/site-packages/points_py-0.0.0-py3.12.egg-info
running install_scripts
Installing publisher_s script to /home/edward-grieg/repos/BGRacing_2026/install/points_py/lib/points_py
Installing subscriber_s script to /home/edward-grieg/repos/BGRacing_2026/install/points_py/lib/points_py
writing list of installed files to '/home/edward-grieg/repos/BGRacing_2026/build/points_py/install.log'
