running egg_info
creating ../../../../build/basic_publisher/basic_publisher.egg-info
writing ../../../../build/basic_publisher/basic_publisher.egg-info/PKG-INFO
writing dependency_links to ../../../../build/basic_publisher/basic_publisher.egg-info/dependency_links.txt
writing requirements to ../../../../build/basic_publisher/basic_publisher.egg-info/requires.txt
writing top-level names to ../../../../build/basic_publisher/basic_publisher.egg-info/top_level.txt
writing manifest file '../../../../build/basic_publisher/basic_publisher.egg-info/SOURCES.txt'
reading manifest file '../../../../build/basic_publisher/basic_publisher.egg-info/SOURCES.txt'
writing manifest file '../../../../build/basic_publisher/basic_publisher.egg-info/SOURCES.txt'
running build
running build_py
creating /home/edward-grieg/repos/BGRacing_2026/build/basic_publisher/build
creating /home/edward-grieg/repos/BGRacing_2026/build/basic_publisher/build/lib
creating /home/edward-grieg/repos/BGRacing_2026/build/basic_publisher/build/lib/basic_publisher
copying basic_publisher/__init__.py -> /home/edward-grieg/repos/BGRacing_2026/build/basic_publisher/build/lib/basic_publisher
running install
running install_lib
creating /home/edward-grieg/repos/BGRacing_2026/install/basic_publisher/lib/python3.12/site-packages/basic_publisher
copying /home/edward-grieg/repos/BGRacing_2026/build/basic_publisher/build/lib/basic_publisher/__init__.py -> /home/edward-grieg/repos/BGRacing_2026/install/basic_publisher/lib/python3.12/site-packages/basic_publisher
byte-compiling /home/edward-grieg/repos/BGRacing_2026/install/basic_publisher/lib/python3.12/site-packages/basic_publisher/__init__.py to __init__.cpython-312.pyc
running install_data
creating /home/edward-grieg/repos/BGRacing_2026/install/basic_publisher/share/ament_index
creating /home/edward-grieg/repos/BGRacing_2026/install/basic_publisher/share/ament_index/resource_index
creating /home/edward-grieg/repos/BGRacing_2026/install/basic_publisher/share/ament_index/resource_index/packages
copying resource/basic_publisher -> /home/edward-grieg/repos/BGRacing_2026/install/basic_publisher/share/ament_index/resource_index/packages
copying package.xml -> /home/edward-grieg/repos/BGRacing_2026/install/basic_publisher/share/basic_publisher
running install_egg_info
Copying ../../../../build/basic_publisher/basic_publisher.egg-info to /home/edward-grieg/repos/BGRacing_2026/install/basic_publisher/lib/python3.12/site-packages/basic_publisher-0.0.0-py3.12.egg-info
running install_scripts
writing list of installed files to '/home/edward-grieg/repos/BGRacing_2026/build/basic_publisher/install.log'
