[1.409s] Invoking command in '/home/edward-grieg/repos/BGRacing_2026/src/points_py': DEBUGINFOD_URLS=https://debuginfod.ubuntu.com PYTHONPATH=/home/edward-grieg/repos/BGRacing_2026/build/points_py/prefix_override:/usr/lib/python3/dist-packages/colcon_core/task/python/colcon_distutils_commands:/home/edward-grieg/repos/BGRacing_2026/install/points_py/lib/python3.12/site-packages:${PYTHONPATH} /usr/bin/python3 -W ignore:setup.py install is deprecated -W ignore:easy_install command is deprecated setup.py egg_info --egg-base ../../build/points_py build --build-base /home/edward-grieg/repos/BGRacing_2026/build/points_py/build install --record /home/edward-grieg/repos/BGRacing_2026/build/points_py/install.log --single-version-externally-managed install_data
[1.809s] running egg_info
[1.839s] writing ../../build/points_py/points_py.egg-info/PKG-INFO
[1.840s] writing dependency_links to ../../build/points_py/points_py.egg-info/dependency_links.txt
[1.841s] writing entry points to ../../build/points_py/points_py.egg-info/entry_points.txt
[1.841s] writing requirements to ../../build/points_py/points_py.egg-info/requires.txt
[1.844s] writing top-level names to ../../build/points_py/points_py.egg-info/top_level.txt
[1.906s] reading manifest file '../../build/points_py/points_py.egg-info/SOURCES.txt'
[1.907s] writing manifest file '../../build/points_py/points_py.egg-info/SOURCES.txt'
[1.908s] running build
[1.908s] running build_py
[1.909s] copying points_py/subscriber_s.py -> /home/edward-grieg/repos/BGRacing_2026/build/points_py/build/lib/points_py
[1.909s] running install
[1.919s] running install_lib
[1.959s] copying /home/edward-grieg/repos/BGRacing_2026/build/points_py/build/lib/points_py/subscriber_s.py -> /home/edward-grieg/repos/BGRacing_2026/install/points_py/lib/python3.12/site-packages/points_py
[1.960s] byte-compiling /home/edward-grieg/repos/BGRacing_2026/install/points_py/lib/python3.12/site-packages/points_py/subscriber_s.py to subscriber_s.cpython-312.pyc
[1.960s] running install_data
[1.960s] running install_egg_info
[1.989s] removing '/home/edward-grieg/repos/BGRacing_2026/install/points_py/lib/python3.12/site-packages/points_py-0.0.0-py3.12.egg-info' (and everything under it)
[1.992s] Copying ../../build/points_py/points_py.egg-info to /home/edward-grieg/repos/BGRacing_2026/install/points_py/lib/python3.12/site-packages/points_py-0.0.0-py3.12.egg-info
[1.993s] running install_scripts
[2.194s] Installing publisher_s script to /home/edward-grieg/repos/BGRacing_2026/install/points_py/lib/points_py
[2.194s] Installing subscriber_s script to /home/edward-grieg/repos/BGRacing_2026/install/points_py/lib/points_py
[2.195s] writing list of installed files to '/home/edward-grieg/repos/BGRacing_2026/build/points_py/install.log'
[2.255s] Invoked command in '/home/edward-grieg/repos/BGRacing_2026/src/points_py' returned '0': DEBUGINFOD_URLS=https://debuginfod.ubuntu.com PYTHONPATH=/home/edward-grieg/repos/BGRacing_2026/build/points_py/prefix_override:/usr/lib/python3/dist-packages/colcon_core/task/python/colcon_distutils_commands:/home/edward-grieg/repos/BGRacing_2026/install/points_py/lib/python3.12/site-packages:${PYTHONPATH} /usr/bin/python3 -W ignore:setup.py install is deprecated -W ignore:easy_install command is deprecated setup.py egg_info --egg-base ../../build/points_py build --build-base /home/edward-grieg/repos/BGRacing_2026/build/points_py/build install --record /home/edward-grieg/repos/BGRacing_2026/build/points_py/install.log --single-version-externally-managed install_data
